[2017-02-23 12:50:36] [反呼]:设备号:[16]--房间号:[114]
[2017-02-23 12:53:19] [反呼]:设备号:[16]--房间号:[114]
[2017-02-23 12:54:10] [反呼]:设备号:[16]--房间号:[114]
[2017-02-23 12:54:30] [反呼]:设备号:[16]--房间号:[114]
[2017-02-23 12:55:00] [首叫]:设备号:[13]--房间号:[110]
[2017-02-23 12:58:57] [首叫]:设备号:[13]--房间号:[110]
[2017-02-23 12:59:51] [催叫]:设备号:[13]--房间号:[110]
[2017-02-23 13:00:39] 开始更新计划状态为:离寓
[2017-02-23 13:00:39] 开始删除叫班计划
[2017-02-23 13:03:03] [反呼]:设备号:[16]--房间号:[114]
[2017-02-23 13:03:24] [反呼]:设备号:[16]--房间号:[114]
[2017-02-23 13:04:03] [首叫]:设备号:[13]--房间号:[110]
[2017-02-23 13:04:59] [催叫]:设备号:[13]--房间号:[110]
[2017-02-23 13:05:12] 开始更新计划状态为:离寓
[2017-02-23 13:05:12] 开始删除叫班计划
[2017-02-23 13:08:43] [反呼]:设备号:[16]--房间号:[114]
[2017-02-23 13:09:16] [首叫]:设备号:[13]--房间号:[110]
[2017-02-23 13:10:59] [首叫]:设备号:[13]--房间号:[110]
[2017-02-23 13:11:29] [反呼]:设备号:[16]--房间号:[114]
[2017-02-23 13:12:00] [催叫]:设备号:[13]--房间号:[110]
[2017-02-23 13:12:13] 开始更新计划状态为:离寓
[2017-02-23 13:12:13] 开始删除叫班计划
