[2017-02-22 08:47:04] [首叫]:设备号:[11]--房间号:[110]
[2017-02-22 08:48:22] [首叫]:设备号:[11]--房间号:[110]
[2017-02-22 08:50:24] [首叫]:设备号:[11]--房间号:[110]
[2017-02-22 08:51:01] [首叫]:设备号:[11]--房间号:[110]
[2017-02-22 08:51:54] [首叫]:设备号:[11]--房间号:[110]
[2017-02-22 08:54:32] [首叫]:设备号:[11]--房间号:[110]
[2017-02-22 10:21:24] [首叫]:设备号:[11]--房间号:[110]
[2017-02-22 12:56:10] [反呼]:设备号:[15]--房间号:[112]
[2017-02-22 12:57:27] [反呼]:设备号:[15]--房间号:[112]
[2017-02-22 12:58:28] [反呼]:设备号:[15]--房间号:[112]
[2017-02-22 13:00:24] [反呼]:设备号:[15]--房间号:[112]
[2017-02-22 13:01:07] [反呼]:设备号:[15]--房间号:[112]
[2017-02-22 13:03:09] [反呼]:设备号:[15]--房间号:[112]
[2017-02-22 13:04:34] [反呼]:设备号:[15]--房间号:[112]
[2017-02-22 13:06:11] [反呼]:设备号:[15]--房间号:[112]
[2017-02-22 13:06:55] [反呼]:设备号:[15]--房间号:[112]
[2017-02-22 13:08:26] [反呼]:设备号:[14]--房间号:[111]
[2017-02-22 13:10:48] [反呼]:设备号:[13]--房间号:[110]
[2017-02-22 13:11:32] [反呼]:设备号:[13]--房间号:[110]
[2017-02-22 13:12:04] [反呼]:设备号:[13]--房间号:[110]
[2017-02-22 13:12:30] [反呼]:设备号:[13]--房间号:[110]
[2017-02-22 13:13:47] [反呼]:设备号:[13]--房间号:[110]
[2017-02-22 13:14:21] [反呼]:设备号:[13]--房间号:[110]
[2017-02-22 13:15:35] [反呼]:设备号:[15]--房间号:[112]
[2017-02-22 13:16:39] [反呼]:设备号:[15]--房间号:[112]
[2017-02-22 13:17:41] [反呼]:设备号:[15]--房间号:[112]
[2017-02-22 13:18:12] [反呼]:设备号:[14]--房间号:[111]
[2017-02-22 13:20:35] [反呼]:设备号:[14]--房间号:[111]
[2017-02-22 13:22:39] [反呼]:设备号:[15]--房间号:[112]
[2017-02-22 13:29:32] [反呼]:设备号:[13]--房间号:[110]
[2017-02-22 13:30:25] [反呼]:设备号:[13]--房间号:[110]
[2017-02-22 13:31:02] [反呼]:设备号:[15]--房间号:[112]
[2017-02-22 13:31:42] [反呼]:设备号:[15]--房间号:[112]
[2017-02-22 13:32:49] [反呼]:设备号:[15]--房间号:[112]
[2017-02-22 13:34:33] [反呼]:设备号:[14]--房间号:[111]
[2017-02-22 13:36:01] [反呼]:设备号:[15]--房间号:[112]
[2017-02-22 13:36:59] [反呼]:设备号:[15]--房间号:[112]
[2017-02-22 13:38:41] [反呼]:设备号:[14]--房间号:[111]
[2017-02-22 13:39:08] [反呼]:设备号:[15]--房间号:[112]
[2017-02-22 13:40:33] [反呼]:设备号:[15]--房间号:[112]
[2017-02-22 13:41:27] [反呼]:设备号:[15]--房间号:[112]
[2017-02-22 13:56:45] [反呼]:设备号:[15]--房间号:[112]
[2017-02-22 13:57:05] [反呼]:设备号:[15]--房间号:[112]
[2017-02-22 13:57:35] [反呼]:设备号:[15]--房间号:[112]
[2017-02-22 13:58:20] [反呼]:设备号:[14]--房间号:[111]
[2017-02-22 13:59:28] [首叫]:设备号:[13]--房间号:[110]
[2017-02-22 14:00:26] [催叫]:设备号:[13]--房间号:[110]
[2017-02-22 14:30:59] [首叫]:设备号:[13]--房间号:[110]
[2017-02-22 14:32:31] [首叫]:设备号:[13]--房间号:[110]
[2017-02-22 14:33:38] [首叫]:设备号:[13]--房间号:[110]
[2017-02-22 14:35:22] [首叫]:设备号:[13]--房间号:[110]
[2017-02-22 14:35:45] [首叫]:设备号:[13]--房间号:[110]
[2017-02-22 14:38:00] [首叫]:设备号:[13]--房间号:[110]
[2017-02-22 14:41:49] [催叫]:设备号:[13]--房间号:[110]
[2017-02-22 15:01:41] [反呼]:设备号:[13]--房间号:[110]
[2017-02-22 15:02:43] [首叫]:设备号:[13]--房间号:[110]
[2017-02-22 15:06:26] [首叫]:设备号:[13]--房间号:[110]
[2017-02-22 15:06:52] [首叫]:设备号:[13]--房间号:[110]
[2017-02-22 15:07:32] [首叫]:设备号:[13]--房间号:[110]
[2017-02-22 15:09:22] [首叫]:设备号:[13]--房间号:[110]
[2017-02-22 15:11:46] [首叫]:设备号:[13]--房间号:[110]
[2017-02-22 15:13:07] [首叫]:设备号:[13]--房间号:[110]
[2017-02-22 15:14:03] [首叫]:设备号:[13]--房间号:[110]
[2017-02-22 15:21:34] [反呼]:设备号:[13]--房间号:[110]
[2017-02-22 15:22:04] [反呼]:设备号:[13]--房间号:[110]
[2017-02-22 15:22:24] [反呼]:设备号:[13]--房间号:[110]
[2017-02-22 15:23:15] [反呼]:设备号:[13]--房间号:[110]
[2017-02-22 15:25:18] [反呼]:设备号:[13]--房间号:[110]
[2017-02-22 15:32:44] [反呼]:设备号:[13]--房间号:[110]
[2017-02-22 15:33:13] [反呼]:设备号:[15]--房间号:[112]
[2017-02-22 15:34:14] [反呼]:设备号:[15]--房间号:[112]
[2017-02-22 15:35:34] [反呼]:设备号:[15]--房间号:[112]
[2017-02-22 15:37:05] [反呼]:设备号:[15]--房间号:[112]
[2017-02-22 15:37:56] [反呼]:设备号:[15]--房间号:[112]
[2017-02-22 15:40:51] [反呼]:设备号:[15]--房间号:[112]
[2017-02-22 15:41:57] [反呼]:设备号:[15]--房间号:[112]
[2017-02-22 15:43:10] [首叫]:设备号:[13]--房间号:[110]
[2017-02-22 15:44:18] [催叫]:设备号:[13]--房间号:[110]
[2017-02-22 15:44:33] 开始更新计划状态为:离寓
[2017-02-22 15:44:33] 开始删除叫班计划
