[2017-01-18 09:42:27] [反呼]:设备号:[11]--房间号:[101]
[2017-01-18 09:43:19] [反呼]:设备号:[11]--房间号:[101]
[2017-01-18 09:43:48] [反呼]:设备号:[11]--房间号:[101]
[2017-01-18 09:44:20] [反呼]:设备号:[11]--房间号:[101]
[2017-01-18 09:45:55] [反呼]:设备号:[11]--房间号:[101]
[2017-01-18 09:46:38] [反呼]:设备号:[11]--房间号:[101]
[2017-01-18 09:48:21] [反呼]:设备号:[11]--房间号:[101]
[2017-01-18 09:49:52] [反呼]:设备号:[11]--房间号:[101]
[2017-01-18 09:50:48] [反呼]:设备号:[11]--房间号:[101]
[2017-01-18 09:51:20] [反呼]:设备号:[11]--房间号:[101]
[2017-01-18 09:52:15] [反呼]:设备号:[11]--房间号:[101]
[2017-01-18 09:55:52] [反呼]:设备号:[11]--房间号:[101]
[2017-01-18 09:56:10] [反呼]:设备号:[11]--房间号:[101]
[2017-01-18 09:56:21] [反呼]:设备号:[11]--房间号:[101]
[2017-01-18 09:59:14] [反呼]:设备号:[11]--房间号:[101]
[2017-01-18 09:59:29] [反呼]:设备号:[11]--房间号:[101]
[2017-01-18 10:02:34] [反呼]:设备号:[11]--房间号:[101]
[2017-01-18 10:05:02] [反呼]:设备号:[11]--房间号:[101]
[2017-01-18 10:05:12] [反呼]:设备号:[11]--房间号:[101]
[2017-01-18 10:05:22] [反呼]:设备号:[11]--房间号:[101]
[2017-01-18 10:07:03] [反呼]:设备号:[11]--房间号:[101]
[2017-01-18 10:15:40] [反呼]:设备号:[11]--房间号:[101]
[2017-01-18 10:22:56] [反呼]:设备号:[11]--房间号:[101]
[2017-01-18 10:26:12] 初始化指纹仪
[2017-01-18 10:26:16] 读取指纹库内容
[2017-01-18 10:26:17] 初始化指纹仪成功!
[2017-01-18 10:26:18] 从数据库获取指纹信息
[2017-01-18 10:26:18] 创建本地指纹库并加载到内存里
[2017-01-18 10:26:18] 创建指纹模板完毕
[2017-01-18 10:26:20] 读取指纹模板
[2017-01-18 10:27:03] 初始化指纹仪
[2017-01-18 10:27:03] 读取指纹库内容
[2017-01-18 10:27:03] 初始化指纹仪成功!
[2017-01-18 10:27:04] 从数据库获取指纹信息
[2017-01-18 10:27:04] 创建本地指纹库并加载到内存里
[2017-01-18 10:27:04] 创建指纹模板完毕
[2017-01-18 10:27:04] 读取指纹模板
[2017-01-18 10:27:35] 初始化指纹仪
[2017-01-18 10:27:36] 读取指纹库内容
[2017-01-18 10:27:36] 初始化指纹仪成功!
[2017-01-18 10:27:36] 从数据库获取指纹信息
[2017-01-18 10:27:36] 创建本地指纹库并加载到内存里
[2017-01-18 10:27:36] 创建指纹模板完毕
[2017-01-18 10:27:36] 读取指纹模板
[2017-01-18 10:28:32] 初始化指纹仪
[2017-01-18 10:28:33] 读取指纹库内容
[2017-01-18 10:28:33] 初始化指纹仪成功!
[2017-01-18 10:28:33] 从数据库获取指纹信息
[2017-01-18 10:28:33] 创建本地指纹库并加载到内存里
[2017-01-18 10:28:33] 创建指纹模板完毕
[2017-01-18 10:28:33] 读取指纹模板
[2017-01-18 10:29:21] 初始化指纹仪
[2017-01-18 10:29:22] 读取指纹库内容
[2017-01-18 10:29:22] 初始化指纹仪成功!
[2017-01-18 10:29:22] 从数据库获取指纹信息
[2017-01-18 10:29:22] 创建本地指纹库并加载到内存里
[2017-01-18 10:29:22] 创建指纹模板完毕
[2017-01-18 10:29:22] 读取指纹模板
[2017-01-18 10:31:27] 初始化指纹仪
[2017-01-18 10:31:27] 读取指纹库内容
[2017-01-18 10:31:27] 初始化指纹仪成功!
[2017-01-18 10:31:28] 从数据库获取指纹信息
[2017-01-18 10:31:28] 创建本地指纹库并加载到内存里
[2017-01-18 10:31:28] 创建指纹模板完毕
[2017-01-18 10:31:28] 读取指纹模板
[2017-01-18 10:33:30] 初始化指纹仪
[2017-01-18 10:33:31] 读取指纹库内容
[2017-01-18 10:33:31] 初始化指纹仪成功!
[2017-01-18 10:33:31] 从数据库获取指纹信息
[2017-01-18 10:33:31] 创建本地指纹库并加载到内存里
[2017-01-18 10:33:31] 创建指纹模板完毕
[2017-01-18 10:33:31] 读取指纹模板
[2017-01-18 10:35:27] 初始化指纹仪
[2017-01-18 10:35:28] 读取指纹库内容
[2017-01-18 10:35:28] 初始化指纹仪成功!
[2017-01-18 10:35:28] 从数据库获取指纹信息
[2017-01-18 10:35:28] 创建本地指纹库并加载到内存里
[2017-01-18 10:35:28] 创建指纹模板完毕
[2017-01-18 10:35:28] 读取指纹模板
[2017-01-18 10:37:10] 初始化指纹仪
[2017-01-18 10:37:10] 读取指纹库内容
[2017-01-18 10:37:10] 初始化指纹仪成功!
[2017-01-18 10:37:11] 从数据库获取指纹信息
[2017-01-18 10:37:11] 创建本地指纹库并加载到内存里
[2017-01-18 10:37:11] 创建指纹模板完毕
[2017-01-18 10:37:11] 读取指纹模板
[2017-01-18 10:42:52] 初始化指纹仪
[2017-01-18 10:42:53] 读取指纹库内容
[2017-01-18 10:42:53] 初始化指纹仪成功!
[2017-01-18 10:42:53] 从数据库获取指纹信息
[2017-01-18 10:42:53] 创建本地指纹库并加载到内存里
[2017-01-18 10:42:53] 创建指纹模板完毕
[2017-01-18 10:42:53] 读取指纹模板
[2017-01-18 10:43:58] 初始化指纹仪
[2017-01-18 10:43:59] 读取指纹库内容
[2017-01-18 10:43:59] 初始化指纹仪成功!
[2017-01-18 10:43:59] 从数据库获取指纹信息
[2017-01-18 10:43:59] 创建本地指纹库并加载到内存里
[2017-01-18 10:43:59] 创建指纹模板完毕
[2017-01-18 10:43:59] 读取指纹模板
[2017-01-18 10:47:20] 初始化指纹仪
[2017-01-18 10:47:21] 读取指纹库内容
[2017-01-18 10:47:21] 初始化指纹仪成功!
[2017-01-18 10:47:21] 从数据库获取指纹信息
[2017-01-18 10:47:21] 创建本地指纹库并加载到内存里
[2017-01-18 10:47:21] 创建指纹模板完毕
[2017-01-18 10:47:21] 读取指纹模板
[2017-01-18 10:51:02] 初始化指纹仪
[2017-01-18 10:51:03] 读取指纹库内容
[2017-01-18 10:51:03] 初始化指纹仪成功!
[2017-01-18 10:51:03] 从数据库获取指纹信息
[2017-01-18 10:51:03] 创建本地指纹库并加载到内存里
[2017-01-18 10:51:03] 创建指纹模板完毕
[2017-01-18 10:51:03] 读取指纹模板
[2017-01-18 10:52:35] 初始化指纹仪
[2017-01-18 10:52:36] 读取指纹库内容
[2017-01-18 10:52:36] 初始化指纹仪成功!
[2017-01-18 10:52:36] 从数据库获取指纹信息
[2017-01-18 10:52:36] 创建本地指纹库并加载到内存里
[2017-01-18 10:52:36] 创建指纹模板完毕
[2017-01-18 10:52:36] 读取指纹模板
[2017-01-18 10:52:57] 初始化指纹仪
[2017-01-18 10:52:58] 读取指纹库内容
[2017-01-18 10:52:58] 初始化指纹仪成功!
[2017-01-18 10:52:58] 从数据库获取指纹信息
[2017-01-18 10:52:58] 创建本地指纹库并加载到内存里
[2017-01-18 10:52:58] 创建指纹模板完毕
[2017-01-18 10:52:58] 读取指纹模板
[2017-01-18 10:55:47] 初始化指纹仪
[2017-01-18 10:55:48] 读取指纹库内容
[2017-01-18 10:55:48] 初始化指纹仪成功!
[2017-01-18 10:55:48] 从数据库获取指纹信息
[2017-01-18 10:55:48] 创建本地指纹库并加载到内存里
[2017-01-18 10:55:48] 创建指纹模板完毕
[2017-01-18 10:55:48] 读取指纹模板
[2017-01-18 10:57:49] 初始化指纹仪
[2017-01-18 10:57:49] 读取指纹库内容
[2017-01-18 10:57:49] 初始化指纹仪成功!
[2017-01-18 10:57:50] 从数据库获取指纹信息
[2017-01-18 10:57:50] 创建本地指纹库并加载到内存里
[2017-01-18 10:57:50] 创建指纹模板完毕
[2017-01-18 10:57:50] 读取指纹模板
[2017-01-18 11:00:14] 初始化指纹仪
[2017-01-18 11:00:14] 读取指纹库内容
[2017-01-18 11:00:14] 初始化指纹仪成功!
[2017-01-18 11:00:15] 从数据库获取指纹信息
[2017-01-18 11:00:15] 创建本地指纹库并加载到内存里
[2017-01-18 11:00:15] 创建指纹模板完毕
[2017-01-18 11:00:15] 读取指纹模板
[2017-01-18 11:00:58] 初始化指纹仪
[2017-01-18 11:00:58] 读取指纹库内容
[2017-01-18 11:00:58] 初始化指纹仪成功!
[2017-01-18 11:00:59] 从数据库获取指纹信息
[2017-01-18 11:00:59] 创建本地指纹库并加载到内存里
[2017-01-18 11:00:59] 创建指纹模板完毕
[2017-01-18 11:00:59] 读取指纹模板
[2017-01-18 11:01:42] 初始化指纹仪
[2017-01-18 11:01:43] 读取指纹库内容
[2017-01-18 11:01:43] 初始化指纹仪成功!
[2017-01-18 11:01:43] 从数据库获取指纹信息
[2017-01-18 11:01:43] 创建本地指纹库并加载到内存里
[2017-01-18 11:01:43] 创建指纹模板完毕
[2017-01-18 11:01:43] 读取指纹模板
[2017-01-18 11:02:10] 初始化指纹仪
[2017-01-18 11:02:10] 读取指纹库内容
[2017-01-18 11:02:10] 初始化指纹仪成功!
[2017-01-18 11:02:10] 从数据库获取指纹信息
[2017-01-18 11:02:10] 创建本地指纹库并加载到内存里
[2017-01-18 11:02:10] 创建指纹模板完毕
[2017-01-18 11:02:10] 读取指纹模板
[2017-01-18 11:14:18] 初始化指纹仪
[2017-01-18 11:14:18] 读取指纹库内容
[2017-01-18 11:14:18] 初始化指纹仪成功!
[2017-01-18 11:14:19] 从数据库获取指纹信息
[2017-01-18 11:14:19] 创建本地指纹库并加载到内存里
[2017-01-18 11:14:19] 创建指纹模板完毕
[2017-01-18 11:14:19] 读取指纹模板
[2017-01-18 12:50:31] 初始化指纹仪
[2017-01-18 12:50:32] 读取指纹库内容
[2017-01-18 12:50:32] 初始化指纹仪成功!
[2017-01-18 12:50:32] 从数据库获取指纹信息
[2017-01-18 12:50:32] 创建本地指纹库并加载到内存里
[2017-01-18 12:50:32] 创建指纹模板完毕
[2017-01-18 12:50:32] 读取指纹模板
[2017-01-18 12:50:52] 初始化指纹仪
[2017-01-18 12:50:53] 读取指纹库内容
[2017-01-18 12:50:53] 初始化指纹仪成功!
[2017-01-18 12:50:53] 从数据库获取指纹信息
[2017-01-18 12:50:53] 创建本地指纹库并加载到内存里
[2017-01-18 12:50:53] 创建指纹模板完毕
[2017-01-18 12:50:53] 读取指纹模板
[2017-01-18 12:51:15] 初始化指纹仪
[2017-01-18 12:51:15] 读取指纹库内容
[2017-01-18 12:51:15] 初始化指纹仪成功!
[2017-01-18 12:51:16] 从数据库获取指纹信息
[2017-01-18 12:51:16] 创建本地指纹库并加载到内存里
[2017-01-18 12:51:16] 创建指纹模板完毕
[2017-01-18 12:51:16] 读取指纹模板
[2017-01-18 12:51:33] 初始化指纹仪
[2017-01-18 12:51:34] 读取指纹库内容
[2017-01-18 12:51:34] 初始化指纹仪成功!
[2017-01-18 12:51:34] 从数据库获取指纹信息
[2017-01-18 12:51:34] 创建本地指纹库并加载到内存里
[2017-01-18 12:51:34] 创建指纹模板完毕
[2017-01-18 12:51:34] 读取指纹模板
[2017-01-18 12:51:52] 初始化指纹仪
[2017-01-18 12:51:52] 读取指纹库内容
[2017-01-18 12:51:52] 初始化指纹仪成功!
[2017-01-18 12:51:53] 从数据库获取指纹信息
[2017-01-18 12:51:53] 创建本地指纹库并加载到内存里
[2017-01-18 12:51:53] 创建指纹模板完毕
[2017-01-18 12:51:53] 读取指纹模板
[2017-01-18 12:52:27] 初始化指纹仪
[2017-01-18 12:52:27] 读取指纹库内容
[2017-01-18 12:52:27] 初始化指纹仪成功!
[2017-01-18 12:52:28] 从数据库获取指纹信息
[2017-01-18 12:52:28] 创建本地指纹库并加载到内存里
[2017-01-18 12:52:28] 创建指纹模板完毕
[2017-01-18 12:52:28] 读取指纹模板
[2017-01-18 12:53:23] 初始化指纹仪
[2017-01-18 12:53:24] 读取指纹库内容
[2017-01-18 12:53:24] 初始化指纹仪成功!
[2017-01-18 12:53:24] 从数据库获取指纹信息
[2017-01-18 12:53:24] 创建本地指纹库并加载到内存里
[2017-01-18 12:53:24] 创建指纹模板完毕
[2017-01-18 12:53:24] 读取指纹模板
[2017-01-18 12:53:53] 初始化指纹仪
[2017-01-18 12:53:53] 读取指纹库内容
[2017-01-18 12:53:53] 初始化指纹仪成功!
[2017-01-18 12:53:54] 从数据库获取指纹信息
[2017-01-18 12:53:54] 创建本地指纹库并加载到内存里
[2017-01-18 12:53:54] 创建指纹模板完毕
[2017-01-18 12:53:54] 读取指纹模板
[2017-01-18 12:54:43] 初始化指纹仪
[2017-01-18 12:54:44] 读取指纹库内容
[2017-01-18 12:54:44] 初始化指纹仪成功!
[2017-01-18 12:54:44] 从数据库获取指纹信息
[2017-01-18 12:54:44] 创建本地指纹库并加载到内存里
[2017-01-18 12:54:44] 创建指纹模板完毕
[2017-01-18 12:54:44] 读取指纹模板
[2017-01-18 12:57:03] 初始化指纹仪
[2017-01-18 12:57:03] 读取指纹库内容
[2017-01-18 12:57:03] 初始化指纹仪成功!
[2017-01-18 12:57:04] 从数据库获取指纹信息
[2017-01-18 12:57:04] 创建本地指纹库并加载到内存里
[2017-01-18 12:57:04] 创建指纹模板完毕
[2017-01-18 12:57:04] 读取指纹模板
[2017-01-18 12:57:57] 初始化指纹仪
[2017-01-18 12:57:58] 读取指纹库内容
[2017-01-18 12:57:58] 初始化指纹仪成功!
[2017-01-18 12:57:58] 从数据库获取指纹信息
[2017-01-18 12:57:58] 创建本地指纹库并加载到内存里
[2017-01-18 12:57:58] 创建指纹模板完毕
[2017-01-18 12:57:58] 读取指纹模板
[2017-01-18 13:00:19] 初始化指纹仪
[2017-01-18 13:00:20] 读取指纹库内容
[2017-01-18 13:00:20] 初始化指纹仪成功!
[2017-01-18 13:00:20] 从数据库获取指纹信息
[2017-01-18 13:00:20] 创建本地指纹库并加载到内存里
[2017-01-18 13:00:20] 创建指纹模板完毕
[2017-01-18 13:00:20] 读取指纹模板
[2017-01-18 13:01:11] 初始化指纹仪
[2017-01-18 13:01:11] 读取指纹库内容
[2017-01-18 13:01:11] 初始化指纹仪成功!
[2017-01-18 13:01:12] 从数据库获取指纹信息
[2017-01-18 13:01:12] 创建本地指纹库并加载到内存里
[2017-01-18 13:01:12] 创建指纹模板完毕
[2017-01-18 13:01:12] 读取指纹模板
[2017-01-18 13:02:04] 初始化指纹仪
[2017-01-18 13:02:05] 读取指纹库内容
[2017-01-18 13:02:05] 初始化指纹仪成功!
[2017-01-18 13:02:05] 从数据库获取指纹信息
[2017-01-18 13:02:05] 创建本地指纹库并加载到内存里
[2017-01-18 13:02:05] 创建指纹模板完毕
[2017-01-18 13:02:05] 读取指纹模板
[2017-01-18 13:03:37] 初始化指纹仪
[2017-01-18 13:03:37] 读取指纹库内容
[2017-01-18 13:03:37] 初始化指纹仪成功!
[2017-01-18 13:03:38] 从数据库获取指纹信息
[2017-01-18 13:03:38] 创建本地指纹库并加载到内存里
[2017-01-18 13:03:38] 创建指纹模板完毕
[2017-01-18 13:03:38] 读取指纹模板
[2017-01-18 13:04:21] 初始化指纹仪
[2017-01-18 13:04:22] 读取指纹库内容
[2017-01-18 13:04:22] 初始化指纹仪成功!
[2017-01-18 13:04:22] 从数据库获取指纹信息
[2017-01-18 13:04:22] 创建本地指纹库并加载到内存里
[2017-01-18 13:04:22] 创建指纹模板完毕
[2017-01-18 13:04:22] 读取指纹模板
[2017-01-18 13:04:35] [反呼]:设备号:[11]--房间号:[110]
[2017-01-18 13:05:04] 初始化指纹仪
[2017-01-18 13:05:04] 读取指纹库内容
[2017-01-18 13:05:04] 初始化指纹仪成功!
[2017-01-18 13:05:05] 从数据库获取指纹信息
[2017-01-18 13:05:05] 创建本地指纹库并加载到内存里
[2017-01-18 13:05:05] 创建指纹模板完毕
[2017-01-18 13:05:05] 读取指纹模板
[2017-01-18 13:05:07] [反呼]:设备号:[11]--房间号:[110]
[2017-01-18 13:06:12] 初始化指纹仪
[2017-01-18 13:06:12] 读取指纹库内容
[2017-01-18 13:06:12] 初始化指纹仪成功!
[2017-01-18 13:06:13] 从数据库获取指纹信息
[2017-01-18 13:06:13] 创建本地指纹库并加载到内存里
[2017-01-18 13:06:13] 创建指纹模板完毕
[2017-01-18 13:06:13] 读取指纹模板
[2017-01-18 13:06:55] 初始化指纹仪
[2017-01-18 13:06:56] 读取指纹库内容
[2017-01-18 13:06:56] 初始化指纹仪成功!
[2017-01-18 13:06:56] 从数据库获取指纹信息
[2017-01-18 13:06:56] 创建本地指纹库并加载到内存里
[2017-01-18 13:06:56] 创建指纹模板完毕
[2017-01-18 13:06:56] 读取指纹模板
[2017-01-18 13:07:29] 初始化指纹仪
[2017-01-18 13:07:29] 读取指纹库内容
[2017-01-18 13:07:29] 初始化指纹仪成功!
[2017-01-18 13:07:30] 从数据库获取指纹信息
[2017-01-18 13:07:30] 创建本地指纹库并加载到内存里
[2017-01-18 13:07:30] 创建指纹模板完毕
[2017-01-18 13:07:30] 读取指纹模板
[2017-01-18 13:08:08] 初始化指纹仪
[2017-01-18 13:08:09] 读取指纹库内容
[2017-01-18 13:08:09] 初始化指纹仪成功!
[2017-01-18 13:08:09] 从数据库获取指纹信息
[2017-01-18 13:08:09] 创建本地指纹库并加载到内存里
[2017-01-18 13:08:09] 创建指纹模板完毕
[2017-01-18 13:08:09] 读取指纹模板
[2017-01-18 13:08:16] [反呼]:设备号:[11]--房间号:[110]
[2017-01-18 13:09:11] 初始化指纹仪
[2017-01-18 13:09:11] 读取指纹库内容
[2017-01-18 13:09:11] 初始化指纹仪成功!
[2017-01-18 13:09:12] 从数据库获取指纹信息
[2017-01-18 13:09:12] 创建本地指纹库并加载到内存里
[2017-01-18 13:09:12] 创建指纹模板完毕
[2017-01-18 13:09:12] 读取指纹模板
[2017-01-18 13:09:14] [反呼]:设备号:[11]--房间号:[110]
[2017-01-18 13:09:47] 初始化指纹仪
[2017-01-18 13:09:48] 读取指纹库内容
[2017-01-18 13:09:48] 初始化指纹仪成功!
[2017-01-18 13:09:48] 从数据库获取指纹信息
[2017-01-18 13:09:48] 创建本地指纹库并加载到内存里
[2017-01-18 13:09:48] 创建指纹模板完毕
[2017-01-18 13:09:48] 读取指纹模板
[2017-01-18 13:10:22] 初始化指纹仪
[2017-01-18 13:10:22] 读取指纹库内容
[2017-01-18 13:10:22] 初始化指纹仪成功!
[2017-01-18 13:10:23] 从数据库获取指纹信息
[2017-01-18 13:10:23] 创建本地指纹库并加载到内存里
[2017-01-18 13:10:23] 创建指纹模板完毕
[2017-01-18 13:10:23] 读取指纹模板
[2017-01-18 13:10:44] 初始化指纹仪
[2017-01-18 13:10:44] 读取指纹库内容
[2017-01-18 13:10:44] 初始化指纹仪成功!
[2017-01-18 13:10:45] 从数据库获取指纹信息
[2017-01-18 13:10:45] 创建本地指纹库并加载到内存里
[2017-01-18 13:10:45] 创建指纹模板完毕
[2017-01-18 13:10:45] 读取指纹模板
[2017-01-18 13:14:03] 初始化指纹仪
[2017-01-18 13:14:04] 读取指纹库内容
[2017-01-18 13:14:04] 初始化指纹仪成功!
[2017-01-18 13:14:04] 从数据库获取指纹信息
[2017-01-18 13:14:04] 创建本地指纹库并加载到内存里
[2017-01-18 13:14:04] 创建指纹模板完毕
[2017-01-18 13:14:04] 读取指纹模板
[2017-01-18 13:15:52] 初始化指纹仪
[2017-01-18 13:15:53] 读取指纹库内容
[2017-01-18 13:15:53] 初始化指纹仪成功!
[2017-01-18 13:15:53] 从数据库获取指纹信息
[2017-01-18 13:15:53] 创建本地指纹库并加载到内存里
[2017-01-18 13:15:53] 创建指纹模板完毕
[2017-01-18 13:15:53] 读取指纹模板
[2017-01-18 13:16:28] 初始化指纹仪
[2017-01-18 13:16:28] 读取指纹库内容
[2017-01-18 13:16:28] 初始化指纹仪成功!
[2017-01-18 13:16:28] 从数据库获取指纹信息
[2017-01-18 13:16:28] 创建本地指纹库并加载到内存里
[2017-01-18 13:16:28] 创建指纹模板完毕
[2017-01-18 13:16:28] 读取指纹模板
[2017-01-18 13:17:07] 初始化指纹仪
[2017-01-18 13:17:07] 读取指纹库内容
[2017-01-18 13:17:07] 读取指纹模板
[2017-01-18 13:17:51] 初始化指纹仪
[2017-01-18 13:17:51] 读取指纹库内容
[2017-01-18 13:17:51] 读取指纹模板
[2017-01-18 13:18:43] 初始化指纹仪
[2017-01-18 13:18:43] 读取指纹库内容
[2017-01-18 13:18:43] 读取指纹模板
[2017-01-18 13:19:11] 初始化指纹仪
[2017-01-18 13:19:11] 读取指纹库内容
[2017-01-18 13:19:11] 读取指纹模板
[2017-01-18 13:19:51] 初始化指纹仪
[2017-01-18 13:19:52] 读取指纹库内容
[2017-01-18 13:19:52] 读取指纹模板
[2017-01-18 13:20:13] 初始化指纹仪
[2017-01-18 13:20:14] 读取指纹库内容
[2017-01-18 13:20:14] 读取指纹模板
[2017-01-18 13:21:11] 初始化指纹仪
[2017-01-18 13:21:12] 读取指纹库内容
[2017-01-18 13:21:12] 读取指纹模板
[2017-01-18 13:22:12] 初始化指纹仪
[2017-01-18 13:22:13] 读取指纹库内容
[2017-01-18 13:22:13] 读取指纹模板
[2017-01-18 13:26:00] 初始化指纹仪
[2017-01-18 13:26:00] 读取指纹库内容
[2017-01-18 13:26:00] 读取指纹模板
[2017-01-18 13:26:26] 初始化指纹仪
[2017-01-18 13:26:27] 读取指纹库内容
[2017-01-18 13:26:27] 读取指纹模板
[2017-01-18 13:30:49] 初始化指纹仪
[2017-01-18 13:30:49] 读取指纹库内容
[2017-01-18 13:30:49] 读取指纹模板
[2017-01-18 13:37:27] 初始化指纹仪
[2017-01-18 13:37:27] 读取指纹库内容
[2017-01-18 13:37:27] 读取指纹模板
[2017-01-18 13:38:06] 初始化指纹仪
[2017-01-18 13:38:06] 读取指纹库内容
[2017-01-18 13:38:06] 读取指纹模板
[2017-01-18 13:39:21] 初始化指纹仪
[2017-01-18 13:39:21] 读取指纹库内容
[2017-01-18 13:39:21] 读取指纹模板
[2017-01-18 13:40:15] 初始化指纹仪
[2017-01-18 13:40:15] 读取指纹库内容
[2017-01-18 13:40:15] 读取指纹模板
[2017-01-18 13:41:32] 初始化指纹仪
[2017-01-18 13:41:32] 读取指纹库内容
[2017-01-18 13:41:32] 读取指纹模板
[2017-01-18 13:44:19] 初始化指纹仪
[2017-01-18 13:44:19] 读取指纹库内容
[2017-01-18 13:44:19] 读取指纹模板
[2017-01-18 13:44:52] 初始化指纹仪
[2017-01-18 13:44:52] 读取指纹库内容
[2017-01-18 13:44:52] 读取指纹模板
[2017-01-18 13:45:29] 初始化指纹仪
[2017-01-18 13:45:30] 读取指纹库内容
[2017-01-18 13:45:30] 读取指纹模板
[2017-01-18 13:46:03] 初始化指纹仪
[2017-01-18 13:46:04] 读取指纹库内容
[2017-01-18 13:46:04] 读取指纹模板
[2017-01-18 13:48:21] 初始化指纹仪
[2017-01-18 13:48:22] 读取指纹库内容
[2017-01-18 13:48:22] 读取指纹模板
[2017-01-18 13:50:32] 初始化指纹仪
[2017-01-18 13:50:32] 读取指纹库内容
[2017-01-18 13:50:32] 读取指纹模板
[2017-01-18 13:51:24] 初始化指纹仪
[2017-01-18 13:51:25] 读取指纹库内容
[2017-01-18 13:51:25] 读取指纹模板
[2017-01-18 13:51:42] 初始化指纹仪
[2017-01-18 13:51:42] 读取指纹库内容
[2017-01-18 13:51:42] 读取指纹模板
[2017-01-18 13:52:54] 初始化指纹仪
[2017-01-18 13:52:55] 读取指纹库内容
[2017-01-18 13:52:55] 读取指纹模板
[2017-01-18 13:53:52] 初始化指纹仪
[2017-01-18 13:53:52] 读取指纹库内容
[2017-01-18 13:53:52] 读取指纹模板
[2017-01-18 13:55:43] 初始化指纹仪
[2017-01-18 13:55:43] 读取指纹库内容
[2017-01-18 13:55:43] 读取指纹模板
[2017-01-18 13:56:16] 初始化指纹仪
[2017-01-18 13:56:17] 读取指纹库内容
[2017-01-18 13:56:17] 读取指纹模板
[2017-01-18 13:57:08] 初始化指纹仪
[2017-01-18 13:57:08] 读取指纹库内容
[2017-01-18 13:57:08] 读取指纹模板
[2017-01-18 13:57:36] 初始化指纹仪
[2017-01-18 13:57:37] 读取指纹库内容
[2017-01-18 13:57:37] 读取指纹模板
[2017-01-18 13:57:49] 初始化指纹仪
[2017-01-18 13:57:49] 读取指纹库内容
[2017-01-18 13:57:49] 读取指纹模板
[2017-01-18 13:59:52] 初始化指纹仪
[2017-01-18 13:59:52] 读取指纹库内容
[2017-01-18 13:59:52] 读取指纹模板
[2017-01-18 14:00:23] 初始化指纹仪
[2017-01-18 14:00:23] 读取指纹库内容
[2017-01-18 14:00:23] 读取指纹模板
[2017-01-18 14:01:20] 初始化指纹仪
[2017-01-18 14:01:20] 读取指纹库内容
[2017-01-18 14:01:20] 读取指纹模板
[2017-01-18 14:02:05] 初始化指纹仪
[2017-01-18 14:02:05] 读取指纹库内容
[2017-01-18 14:02:05] 读取指纹模板
[2017-01-18 14:03:09] 初始化指纹仪
[2017-01-18 14:03:09] 读取指纹库内容
[2017-01-18 14:03:09] 读取指纹模板
[2017-01-18 14:03:38] 初始化指纹仪
[2017-01-18 14:03:39] 读取指纹库内容
[2017-01-18 14:03:39] 读取指纹模板
[2017-01-18 14:04:58] 初始化指纹仪
[2017-01-18 14:04:59] 读取指纹库内容
[2017-01-18 14:04:59] 读取指纹模板
[2017-01-18 14:05:21] 初始化指纹仪
[2017-01-18 14:05:21] 读取指纹库内容
[2017-01-18 14:05:21] 读取指纹模板
[2017-01-18 14:06:11] 初始化指纹仪
[2017-01-18 14:06:11] 读取指纹库内容
[2017-01-18 14:06:11] 读取指纹模板
[2017-01-18 14:15:03] 初始化指纹仪
[2017-01-18 14:15:04] 读取指纹库内容
[2017-01-18 14:15:04] 读取指纹模板
[2017-01-18 14:16:48] 初始化指纹仪
[2017-01-18 14:16:49] 读取指纹库内容
[2017-01-18 14:16:49] 读取指纹模板
[2017-01-18 14:17:54] 初始化指纹仪
[2017-01-18 14:17:54] 读取指纹库内容
[2017-01-18 14:17:54] 读取指纹模板
[2017-01-18 14:17:57] [反呼]:设备号:[11]--房间号:[110]
[2017-01-18 14:20:47] 初始化指纹仪
[2017-01-18 14:20:47] 读取指纹库内容
[2017-01-18 14:20:47] 读取指纹模板
[2017-01-18 14:20:49] [反呼]:设备号:[11]--房间号:[110]
[2017-01-18 14:21:19] [反呼]:设备号:[11]--房间号:[110]
[2017-01-18 14:21:29] [反呼]:设备号:[11]--房间号:[110]
[2017-01-18 14:25:59] 初始化指纹仪
[2017-01-18 14:25:59] 读取指纹库内容
[2017-01-18 14:25:59] 读取指纹模板
[2017-01-18 14:26:03] [反呼]:设备号:[11]--房间号:[110]
[2017-01-18 14:28:05] 初始化指纹仪
[2017-01-18 14:28:06] 读取指纹库内容
[2017-01-18 14:28:06] 读取指纹模板
[2017-01-18 14:28:08] [反呼]:设备号:[11]--房间号:[110]
[2017-01-18 14:28:20] [反呼]:设备号:[11]--房间号:[110]
[2017-01-18 14:28:28] [反呼]:设备号:[11]--房间号:[110]
[2017-01-18 14:28:50] 初始化指纹仪
[2017-01-18 14:28:51] 读取指纹库内容
[2017-01-18 14:28:51] 读取指纹模板
[2017-01-18 14:29:18] [反呼]:设备号:[11]--房间号:[110]
[2017-01-18 14:30:04] [反呼]:设备号:[11]--房间号:[110]
[2017-01-18 14:30:18] [反呼]:设备号:[11]--房间号:[110]
[2017-01-18 14:30:26] [反呼]:设备号:[11]--房间号:[110]
[2017-01-18 14:30:36] [反呼]:设备号:[11]--房间号:[110]
[2017-01-18 14:32:39] [反呼]:设备号:[11]--房间号:[110]
[2017-01-18 14:33:12] 初始化指纹仪
[2017-01-18 14:33:13] 读取指纹库内容
[2017-01-18 14:33:13] 读取指纹模板
[2017-01-18 14:33:22] [反呼]:设备号:[11]--房间号:[110]
[2017-01-18 14:34:10] [反呼]:设备号:[11]--房间号:[110]
[2017-01-18 14:34:19] [反呼]:设备号:[11]--房间号:[110]
[2017-01-18 14:35:40] 初始化指纹仪
[2017-01-18 14:35:41] 读取指纹库内容
[2017-01-18 14:35:41] 读取指纹模板
[2017-01-18 14:35:43] [反呼]:设备号:[11]--房间号:[110]
[2017-01-18 14:35:59] [反呼]:设备号:[11]--房间号:[110]
[2017-01-18 14:36:06] [首叫]:设备号:[11]--房间号:[110]
[2017-01-18 14:36:59] 初始化指纹仪
[2017-01-18 14:36:59] 读取指纹库内容
[2017-01-18 14:36:59] 读取指纹模板
[2017-01-18 14:37:09] [反呼]:设备号:[11]--房间号:[110]
[2017-01-18 14:37:19] [反呼]:设备号:[11]--房间号:[110]
[2017-01-18 14:37:35] [反呼]:设备号:[11]--房间号:[110]
[2017-01-18 14:37:53] 初始化指纹仪
[2017-01-18 14:37:53] 读取指纹库内容
[2017-01-18 14:37:53] 读取指纹模板
[2017-01-18 14:38:24] [反呼]:设备号:[11]--房间号:[110]
[2017-01-18 14:40:00] 初始化指纹仪
[2017-01-18 14:40:00] 读取指纹库内容
[2017-01-18 14:40:00] 读取指纹模板
[2017-01-18 14:40:10] [反呼]:设备号:[11]--房间号:[110]
[2017-01-18 14:46:51] 初始化指纹仪
[2017-01-18 14:46:51] 读取指纹库内容
[2017-01-18 14:46:51] 读取指纹模板
[2017-01-18 14:47:01] [反呼]:设备号:[11]--房间号:[110]
[2017-01-18 14:47:23] 初始化指纹仪
[2017-01-18 14:47:23] 读取指纹库内容
[2017-01-18 14:47:23] 读取指纹模板
[2017-01-18 14:47:47] 初始化指纹仪
[2017-01-18 14:47:48] 读取指纹库内容
[2017-01-18 14:47:48] 读取指纹模板
[2017-01-18 14:48:00] 初始化指纹仪
[2017-01-18 14:48:01] 读取指纹库内容
[2017-01-18 14:48:01] 读取指纹模板
[2017-01-18 14:55:33] 初始化指纹仪
[2017-01-18 14:55:33] 读取指纹库内容
[2017-01-18 14:55:33] 读取指纹模板
[2017-01-18 14:55:45] 初始化指纹仪
[2017-01-18 14:55:45] 读取指纹库内容
[2017-01-18 14:55:45] 读取指纹模板
[2017-01-18 14:55:55] [首叫]:设备号:[11]--房间号:[110]
[2017-01-18 14:56:09] [催叫]:设备号:[11]--房间号:[110]
[2017-01-18 14:56:16] 开始更新计划状态为:离寓
[2017-01-18 14:56:16] 开始删除叫班计划
[2017-01-18 14:56:16] 开始更新计划状态为:离寓
[2017-01-18 14:56:16] 开始删除叫班计划
[2017-01-18 14:56:38] 初始化指纹仪
[2017-01-18 14:56:38] 读取指纹库内容
[2017-01-18 14:56:38] 读取指纹模板
[2017-01-18 14:56:56] 初始化指纹仪
[2017-01-18 14:56:56] 读取指纹库内容
[2017-01-18 14:56:56] 读取指纹模板
[2017-01-18 14:57:06] [反呼]:设备号:[11]--房间号:[110]
[2017-01-18 14:57:16] [反呼]:设备号:[11]--房间号:[110]
[2017-01-18 14:58:14] 初始化指纹仪
[2017-01-18 14:58:15] 读取指纹库内容
[2017-01-18 14:58:15] 读取指纹模板
[2017-01-18 14:58:30] 初始化指纹仪
[2017-01-18 14:58:31] 读取指纹库内容
[2017-01-18 14:58:31] 读取指纹模板
[2017-01-18 14:58:41] [反呼]:设备号:[11]--房间号:[110]
[2017-01-18 14:59:41] 初始化指纹仪
[2017-01-18 14:59:41] 读取指纹库内容
[2017-01-18 14:59:41] 读取指纹模板
[2017-01-18 15:00:05] 初始化指纹仪
[2017-01-18 15:00:05] 读取指纹库内容
[2017-01-18 15:00:05] 读取指纹模板
[2017-01-18 15:00:40] 初始化指纹仪
[2017-01-18 15:00:40] 读取指纹库内容
[2017-01-18 15:00:40] 读取指纹模板
[2017-01-18 15:00:49] 初始化指纹仪
[2017-01-18 15:00:49] 读取指纹库内容
[2017-01-18 15:00:49] 读取指纹模板
[2017-01-18 15:01:02] 初始化指纹仪
[2017-01-18 15:01:02] 读取指纹库内容
[2017-01-18 15:01:02] 读取指纹模板
[2017-01-18 15:01:24] 初始化指纹仪
[2017-01-18 15:01:24] 读取指纹库内容
[2017-01-18 15:01:24] 读取指纹模板
[2017-01-18 15:01:35] [反呼]:设备号:[11]--房间号:[110]
[2017-01-18 15:12:00] 初始化指纹仪
[2017-01-18 15:12:01] 读取指纹库内容
[2017-01-18 15:12:01] 读取指纹模板
[2017-01-18 15:13:30] 初始化指纹仪
[2017-01-18 15:13:30] 读取指纹库内容
[2017-01-18 15:13:30] 读取指纹模板
[2017-01-18 15:14:25] 初始化指纹仪
[2017-01-18 15:14:25] 读取指纹库内容
[2017-01-18 15:14:25] 读取指纹模板
[2017-01-18 15:16:35] 初始化指纹仪
[2017-01-18 15:16:35] 读取指纹库内容
[2017-01-18 15:16:35] 读取指纹模板
[2017-01-18 15:17:10] 初始化指纹仪
[2017-01-18 15:17:11] 读取指纹库内容
[2017-01-18 15:17:11] 读取指纹模板
[2017-01-18 15:22:11] 初始化指纹仪
[2017-01-18 15:22:11] 读取指纹库内容
[2017-01-18 15:22:11] 读取指纹模板
[2017-01-18 15:47:54] 初始化指纹仪
[2017-01-18 15:47:54] 读取指纹库内容
[2017-01-18 15:47:54] 读取指纹模板
[2017-01-18 15:48:37] 初始化指纹仪
[2017-01-18 15:48:37] 读取指纹库内容
[2017-01-18 15:48:37] 读取指纹模板
[2017-01-18 16:04:47] 初始化指纹仪
[2017-01-18 16:04:47] 读取指纹库内容
[2017-01-18 16:04:47] 读取指纹模板
[2017-01-18 16:45:56] 初始化指纹仪
[2017-01-18 16:45:56] 读取指纹库内容
[2017-01-18 16:45:56] 读取指纹模板
