2016-06-22
[13:24:26 965] 打开设备成功(2.16/1, 12, 3, 121) 通道数=1 设备数=1
[13:24:26 999] 开始异步检测线路状态
[13:24:27 000] 通道1: HOOK被控制 lResult=1
[13:24:27 000] 通道ID=0 设备ID=0 序列号=1154122 设备类型=0x8131(cc301 IP1) 芯片类型=-1 模块=(0x227)/有喇叭/有来电显示/话机拨号/软摘机/FLASH数据存储/
[13:24:27 001] 系统未安装ICC301虚拟声卡驱动
[13:24:27 001] 启动ICC301虚拟声卡功能成功
[13:24:27 686] 通道1: 检测到拨号音 Handle=0 Result=0 Data=
[13:24:28 000] 通道1: HOOK被控制 lResult=0
[13:24:28 001] 通道1: 其它忽略事件 eventid=36 lResult=0 szData=
[13:24:28 002] 呼叫记录,号码: 开始时间:2016/06/22 13:24:27 结束时间:2016/06/22 13:24:28
[13:24:28 003] 通道1: PSTN线路已空闲 Handle=0 Result=0 Data=
[13:24:28 004] 通道1: [ok]***线路拨号音正常,能正常软拨号***-----------------
[13:24:28 005] 通道1: [ok]***线路LINE口/PHONE口未接反***----------------------
[13:24:45 569] 拨号时不能播放语音,否则可能会引起拨号不成功
[13:24:45 571] 通道1: HOOK被控制 lResult=1
[13:24:45 572] 通道1: 开始拨号 data=851
[13:24:46 350] 通道1: 检测到拨号音 Handle=0 Result=0 Data=
[13:24:46 573] 通道1: 开始拨号 data=851
[13:24:47 350] 通道1: 拨号结束 Handle=0 Result=0 Data=
[13:24:48 376] 通道1: 拨号后接收到回铃音 Handle=0 Result=0 Data=0
[13:24:49 539] 通道1: 信号音检测远程摘机信号,仅做参考 Handle=0 Result=0 Data=
[13:24:50 077] 通道1: 接通状态下检测到拨号音信号,如果是刚来电,可能是刚才的来电已经未接了,仅做参考 Handle=0 Result=0 Data=
[13:24:51 505] 通道1: HOOK被控制 lResult=0
[13:24:51 506] 通道1: 其它忽略事件 eventid=36 lResult=0 szData=
[13:24:51 508] 呼叫记录,号码:851 开始时间:2016/06/22 13:24:45 结束时间:2016/06/22 13:24:51
[13:24:51 509] 通道1: PSTN线路已空闲 Handle=0 Result=0 Data=
[13:25:03 883] 通道1: 电话机摘机
[13:25:04 239] 通道1: 检测到拨号音 Handle=0 Result=0 Data=
[13:25:04 565] 通道1: 其它忽略事件 eventid=194 lResult=0 szData=8
[13:25:04 572] 通道1: 电话机拨号 Handle=0 Result=0 Data=8
[13:25:04 828] 通道1: 其它忽略事件 eventid=194 lResult=0 szData=5
[13:25:04 835] 通道1: 电话机拨号 Handle=0 Result=0 Data=85
[13:25:05 107] 通道1: 其它忽略事件 eventid=194 lResult=0 szData=1
[13:25:05 114] 通道1: 电话机拨号 Handle=0 Result=0 Data=851
[13:25:06 207] 通道1: 拨号后接收到回铃音 Handle=0 Result=0 Data=0
[13:25:08 256] 通道1: 电话机挂机
[13:25:08 264] 通道1: 其它忽略事件 eventid=36 lResult=0 szData=
[13:25:08 271] 呼叫记录,号码:851 开始时间:2016/06/22 13:25:03 结束时间:2016/06/22 13:25:08
[13:25:08 280] 通道1: PSTN线路已空闲 Handle=0 Result=0 Data=
[13:25:09 528] 通道1: 电话机摘机
[13:25:09 854] 通道1: 检测到拨号音 Handle=0 Result=0 Data=
[13:25:13 623] 通道1: 电话机挂机
[13:25:13 633] 通道1: 其它忽略事件 eventid=36 lResult=0 szData=
[13:25:13 643] 呼叫记录,号码: 开始时间:2016/06/22 13:25:09 结束时间:2016/06/22 13:25:13
[13:25:13 652] 通道1: PSTN线路已空闲 Handle=0 Result=0 Data=
[13:25:14 418] 通道1: 电话机摘机
[13:25:14 662] 通道1: 检测到拨号音 Handle=0 Result=0 Data=
[13:25:22 683] 打开设备成功(2.16/1, 12, 3, 121) 通道数=1 设备数=1
[13:25:22 714] 开始异步检测线路状态
[13:25:22 714] 通道1: HOOK被控制 lResult=1
[13:25:22 715] 通道ID=0 设备ID=0 序列号=1154122 设备类型=0x8131(cc301 IP1) 芯片类型=-1 模块=(0x227)/有喇叭/有来电显示/话机拨号/软摘机/FLASH数据存储/
[13:25:22 716] 系统未安装ICC301虚拟声卡驱动
[13:25:22 716] 启动ICC301虚拟声卡功能成功
[13:25:23 450] 通道1: 检测到拨号音 Handle=0 Result=0 Data=
[13:25:23 715] 通道1: HOOK被控制 lResult=0
[13:25:23 718] 通道1: 其它忽略事件 eventid=36 lResult=0 szData=
[13:25:23 721] 呼叫记录,号码: 开始时间:2016/06/22 13:25:22 结束时间:2016/06/22 13:25:23
[13:25:23 722] 通道1: PSTN线路已空闲 Handle=0 Result=0 Data=
[13:25:23 725] 通道1: [ok]***线路拨号音正常,能正常软拨号***-----------------
[13:25:23 728] 通道1: [ok]***线路LINE口/PHONE口未接反***----------------------
[13:25:25 042] 通道1: 电话机摘机
[13:25:25 046] 通道1: 检测到拨号音 Handle=0 Result=0 Data=
[13:25:39 728] 通道1: 接收到忙音,线路可能已经断开 Handle=0 Result=0 Data=
[13:25:40 388] 通道1: 电话机挂机
[13:25:40 392] 通道1: 其它忽略事件 eventid=36 lResult=0 szData=
[13:25:40 396] 呼叫记录,号码: 开始时间:2016/06/22 13:25:25 结束时间:2016/06/22 13:25:40
[13:25:40 398] 通道1: PSTN线路已空闲 Handle=0 Result=0 Data=
